ccSocial/build/app/intermediates/aapt_proguard_file/release/aapt_rules.txt
# Referenced at merged_manifests/release/AndroidManifest.xml:20
-keep class androidx.core.app.CoreComponentFactory { <init>(); }
# Referenced at merged_manifests/release/AndroidManifest.xml:26
-keep class com.example.ccSocial.MainActivity { <init>(); }
# Referenced at merged_manifests/release/AndroidManifest.xml:20
-keep class io.flutter.app.FlutterApplication { <init>(); }